# JRE version: Java(TM) SE Runtime Environment (15.0.1+9) (build 15.0.1+9-18)
# Java VM: Java HotSpot(TM) 64-Bit Server VM (15.0.1+9-18, mixed mode, sharing, tiered, compressed oops, g1 gc, windows-amd64)
GC Precious Log:
 CPUs: 8 total, 8 available
 Memory: 16250M
 Large Page Support: Disabled
 NUMA Support: Disabled
 Compressed Oops: Enabled (Zero based)
 Heap Region Size: 2M
 Heap Min Capacity: 8M
 Heap Initial Capacity: 254M
 Heap Max Capacity: 4064M
 Pre-touch: Disabled
 Parallel Workers: 8
 Concurrent Workers: 2
 Concurrent Refinement Workers: 8
 Periodic GC: Disabled
Heap:
 garbage-first heap   total 102400K, used 71009K [0x0000000702000000, 0x0000000800000000)
  region size 2048K, 25 young (51200K), 1 survivors (2048K)
 Metaspace       used 27707K, capacity 28362K, committed 28672K, reserved 1075200K
  class space    used 3044K, capacity 3262K, committed 3328K, reserved 1048576K
GC Heap History (14 events):
Event: 1.146 GC heap before
{Heap before GC invocations=0 (full 0):
 garbage-first heap   total 260096K, used 22528K [0x0000000702000000, 0x0000000800000000)
  region size 2048K, 11 young (22528K), 0 survivors (0K)
 Metaspace       used 5613K, capacity 7723K, committed 7808K, reserved 1056768K
  class space    used 628K, capacity 829K, committed 896K, reserved 1048576K
}
Event: 1.152 GC heap after
{Heap after GC invocations=1 (full 0):
 garbage-first heap   total 260096K, used 3504K [0x0000000702000000, 0x0000000800000000)
  region size 2048K, 2 young (4096K), 2 survivors (4096K)
 Metaspace       used 5613K, capacity 7723K, committed 7808K, reserved 1056768K
  class space    used 628K, capacity 829K, committed 896K, reserved 1048576K
}
Event: 1.818 GC heap before
{Heap before GC invocations=1 (full 0):
 garbage-first heap   total 260096K, used 30128K [0x0000000702000000, 0x0000000800000000)
  region size 2048K, 15 young (30720K), 2 survivors (4096K)
 Metaspace       used 9637K, capacity 11363K, committed 11648K, reserved 1058816K
  class space    used 1124K, capacity 1355K, committed 1408K, reserved 1048576K
}
Event: 1.825 GC heap after
{Heap after GC invocations=2 (full 0):
 garbage-first heap   total 260096K, used 5117K [0x0000000702000000, 0x0000000800000000)
  region size 2048K, 1 young (2048K), 1 survivors (2048K)
 Metaspace       used 9637K, capacity 11363K, committed 11648K, reserved 1058816K
  class space    used 1124K, capacity 1355K, committed 1408K, reserved 1048576K
}
Event: 4.594 GC heap before
{Heap before GC invocations=2 (full 0):
 garbage-first heap   total 260096K, used 91133K [0x0000000702000000, 0x0000000800000000)
  region size 2048K, 44 young (90112K), 1 survivors (2048K)
 Metaspace       used 20321K, capacity 21133K, committed 21296K, reserved 1069056K
  class space    used 2268K, capacity 2408K, committed 2432K, reserved 1048576K
}
Event: 4.604 GC heap after
{Heap after GC invocations=3 (full 0):
 garbage-first heap   total 260096K, used 10512K [0x0000000702000000, 0x0000000800000000)
  region size 2048K, 4 young (8192K), 4 survivors (8192K)
 Metaspace       used 20321K, capacity 21133K, committed 21296K, reserved 1069056K
  class space    used 2268K, capacity 2408K, committed 2432K, reserved 1048576K
}
Event: 5.305 GC heap before
{Heap before GC invocations=4 (full 0):
 garbage-first heap   total 49152K, used 30992K [0x0000000702000000, 0x0000000800000000)
  region size 2048K, 14 young (28672K), 4 survivors (8192K)
 Metaspace       used 23419K, capacity 23846K, committed 24064K, reserved 1071104K
  class space    used 2595K, capacity 2715K, committed 2816K, reserved 1048576K
}
Event: 5.323 GC heap after
{Heap after GC invocations=5 (full 0):
 garbage-first heap   total 49152K, used 16082K [0x0000000702000000, 0x0000000800000000)
  region size 2048K, 2 young (4096K), 2 survivors (4096K)
 Metaspace       used 23419K, capacity 23846K, committed 24064K, reserved 1071104K
  class space    used 2595K, capacity 2715K, committed 2816K, reserved 1048576K
}
Event: 5.610 GC heap before
{Heap before GC invocations=5 (full 0):
 garbage-first heap   total 49152K, used 32466K [0x0000000702000000, 0x0000000800000000)
  region size 2048K, 10 young (20480K), 2 survivors (4096K)
 Metaspace       used 24023K, capacity 24491K, committed 24576K, reserved 1071104K
  class space    used 2637K, capacity 2780K, committed 2816K, reserved 1048576K
}
Event: 5.624 GC heap after
{Heap after GC invocations=6 (full 0):
 garbage-first heap   total 49152K, used 20863K [0x0000000702000000, 0x0000000800000000)
  region size 2048K, 2 young (4096K), 2 survivors (4096K)
 Metaspace       used 24023K, capacity 24491K, committed 24576K, reserved 1071104K
  class space    used 2637K, capacity 2780K, committed 2816K, reserved 1048576K
}
Event: 6.161 GC heap before
{Heap before GC invocations=6 (full 0):
 garbage-first heap   total 49152K, used 33151K [0x0000000702000000, 0x0000000800000000)
  region size 2048K, 8 young (16384K), 2 survivors (4096K)
 Metaspace       used 25712K, capacity 26179K, committed 26368K, reserved 1073152K
  class space    used 2824K, capacity 2980K, committed 3072K, reserved 1048576K
}
Event: 6.185 GC heap after
{Heap after GC invocations=7 (full 0):
 garbage-first heap   total 49152K, used 22842K [0x0000000702000000, 0x0000000800000000)
  region size 2048K, 1 young (2048K), 1 survivors (2048K)
 Metaspace       used 25712K, capacity 26179K, committed 26368K, reserved 1073152K
  class space    used 2824K, capacity 2980K, committed 3072K, reserved 1048576K
}
Event: 6.442 GC heap before
{Heap before GC invocations=7 (full 0):
 garbage-first heap   total 49152K, used 35130K [0x0000000702000000, 0x0000000800000000)
  region size 2048K, 7 young (14336K), 1 survivors (2048K)
 Metaspace       used 25958K, capacity 26435K, committed 26624K, reserved 1073152K
  class space    used 2826K, capacity 2980K, committed 3072K, reserved 1048576K
}
Event: 6.453 GC heap after
{Heap after GC invocations=8 (full 0):
 garbage-first heap   total 155648K, used 23905K [0x0000000702000000, 0x0000000800000000)
  region size 2048K, 1 young (2048K), 1 survivors (2048K)
 Metaspace       used 25958K, capacity 26435K, committed 26624K, reserved 1073152K
  class space    used 2826K, capacity 2980K, committed 3072K, reserved 1048576K
}

